<?xml version="1.0" encoding="UTF-8"?>
<testsuite name="RegressionSuite" tests="20" failures="13" time="44">
  <testcase classname="UI" name="BlazeDemo_HomePage_Test">
    <failure message="BlazeDemo home page test failed: timeout: Timed out receiving message from renderer: 90.000
  (Session info: chrome=140.0.7339.128)
Build info: version: &apos;4.27.0&apos;, revision: &apos;d6e718d134&apos;
System info: os.name: &apos;Windows 10&apos;, os.arch: &apos;amd64&apos;, os.version: &apos;10.0&apos;, java.version: &apos;24.0.2&apos;
Driver info: org.openqa.selenium.chrome.ChromeDriver
Command: [534899e8d86c7048557dafc7fcb26573, get {url=https://blazedemo.com/}]
Capabilities {acceptInsecureCerts: false, browserName: chrome, browserVersion: 140.0.7339.128, chrome: {chromedriverVersion: 140.0.7339.82 (bc93617e21c3..., userDataDir: C:\Users\DELL\AppData\Local...}, fedcm:accounts: true, goog:chromeOptions: {debuggerAddress: localhost:62781}, networkConnectionEnabled: false, pageLoadStrategy: normal, platformName: windows, proxy: Proxy(), se:cdp: ws://localhost:62781/devtoo..., se:cdpVersion: 140.0.7339.128, setWindowRect: true, strictFileInteractability: false, timeouts: {implicit: 0, pageLoad: 300000, script: 30000}, unhandledPromptBehavior: dismiss and notify, webauthn:extension:credBlob: true, webauthn:extension:largeBlob: true, webauthn:extension:minPinLength: true, webauthn:extension:prf: true, webauthn:virtualAuthenticators: true}
Session ID: 534899e8d86c7048557dafc7fcb26573 | Screenshot: artifacts\testng_combined_1758107932258\6\FAILED_BlazeDemo_HomePage_Test_20250917_165110.png"/>
  </testcase>
  <testcase classname="UI" name="BlazeDemo_Dropdown_Test">
  </testcase>
  <testcase classname="UI" name="BlazeDemo_FlightSearch_Boston_London">
    <failure message="Flight search failed: timeout: Timed out receiving message from renderer: 90.000
  (Session info: chrome=140.0.7339.128)
Build info: version: &apos;4.27.0&apos;, revision: &apos;d6e718d134&apos;
System info: os.name: &apos;Windows 10&apos;, os.arch: &apos;amd64&apos;, os.version: &apos;10.0&apos;, java.version: &apos;24.0.2&apos;
Driver info: org.openqa.selenium.chrome.ChromeDriver
Command: [870d4e43d7d397086d1420dc58ec061f, get {url=https://blazedemo.com/}]
Capabilities {acceptInsecureCerts: false, browserName: chrome, browserVersion: 140.0.7339.128, chrome: {chromedriverVersion: 140.0.7339.82 (bc93617e21c3..., userDataDir: C:\Users\DELL\AppData\Local...}, fedcm:accounts: true, goog:chromeOptions: {debuggerAddress: localhost:62779}, networkConnectionEnabled: false, pageLoadStrategy: normal, platformName: windows, proxy: Proxy(), se:cdp: ws://localhost:62779/devtoo..., se:cdpVersion: 140.0.7339.128, setWindowRect: true, strictFileInteractability: false, timeouts: {implicit: 0, pageLoad: 300000, script: 30000}, unhandledPromptBehavior: dismiss and notify, webauthn:extension:credBlob: true, webauthn:extension:largeBlob: true, webauthn:extension:minPinLength: true, webauthn:extension:prf: true, webauthn:virtualAuthenticators: true}
Session ID: 870d4e43d7d397086d1420dc58ec061f | Screenshot: artifacts\testng_combined_1758107932258\8\FAILED_BlazeDemo_FlightSearch_Boston_London_20250917_165110.png"/>
  </testcase>
  <testcase classname="UI" name="BlazeDemo_FlightSearch_NewYork_Paris">
    <failure message="Flight search failed: Cannot locate option with text: New York
For documentation on this error, please visit: https://www.selenium.dev/documentation/webdriver/troubleshooting/errors#no-such-element-exception
Build info: version: &apos;4.27.0&apos;, revision: &apos;d6e718d134&apos;
System info: os.name: &apos;Windows 10&apos;, os.arch: &apos;amd64&apos;, os.version: &apos;10.0&apos;, java.version: &apos;24.0.2&apos;
Driver info: driver.version: unknown | Screenshot: artifacts\testng_combined_1758107932258\9\FAILED_BlazeDemo_FlightSearch_NewYork_Paris_20250917_164947.png"/>
  </testcase>
  <testcase classname="UI" name="BlazeDemo_ChooseFirstFlight">
    <failure message="Flight selection failed: timeout: Timed out receiving message from renderer: 90.000
  (Session info: chrome=140.0.7339.128)
Build info: version: &apos;4.27.0&apos;, revision: &apos;d6e718d134&apos;
System info: os.name: &apos;Windows 10&apos;, os.arch: &apos;amd64&apos;, os.version: &apos;10.0&apos;, java.version: &apos;24.0.2&apos;
Driver info: org.openqa.selenium.chrome.ChromeDriver
Command: [10ad01bac760c60490ef13b77a4b0062, get {url=https://blazedemo.com/}]
Capabilities {acceptInsecureCerts: false, browserName: chrome, browserVersion: 140.0.7339.128, chrome: {chromedriverVersion: 140.0.7339.82 (bc93617e21c3..., userDataDir: C:\Users\DELL\AppData\Local...}, fedcm:accounts: true, goog:chromeOptions: {debuggerAddress: localhost:62776}, networkConnectionEnabled: false, pageLoadStrategy: normal, platformName: windows, proxy: Proxy(), se:cdp: ws://localhost:62776/devtoo..., se:cdpVersion: 140.0.7339.128, setWindowRect: true, strictFileInteractability: false, timeouts: {implicit: 0, pageLoad: 300000, script: 30000}, unhandledPromptBehavior: dismiss and notify, webauthn:extension:credBlob: true, webauthn:extension:largeBlob: true, webauthn:extension:minPinLength: true, webauthn:extension:prf: true, webauthn:virtualAuthenticators: true}
Session ID: 10ad01bac760c60490ef13b77a4b0062 | Screenshot: artifacts\testng_combined_1758107932258\10\FAILED_BlazeDemo_ChooseFirstFlight_20250917_165109.png"/>
  </testcase>
  <testcase classname="UI" name="BlazeDemo_PriceConsistency">
  </testcase>
  <testcase classname="UI" name="BlazeDemo_CompleteBooking_Valid">
  </testcase>
  <testcase classname="UI" name="BlazeDemo_Booking_EmptyFields">
  </testcase>
  <testcase classname="UI" name="BlazeDemo_Booking_InvalidCard">
  </testcase>
  <testcase classname="UI" name="BlazeDemo_EndToEnd_Flow">
  </testcase>
  <testcase classname="API" name="ReqRes_GetUsers_Page2">
  </testcase>
  <testcase classname="API" name="ReqRes_GetSingleUser_Valid">
    <failure message="Get single user (id=2) failed - Status: 401"/>
  </testcase>
  <testcase classname="API" name="ReqRes_GetSingleUser_NotFound">
    <failure message="Get single user (id=23) not found test failed - Expected 404, got: 401"/>
  </testcase>
  <testcase classname="API" name="ReqRes_CreateUser">
    <failure message="Create user failed - Status: 401"/>
  </testcase>
  <testcase classname="API" name="ReqRes_UpdateUser_PUT">
    <failure message="Update user (PUT) failed - Status: 401"/>
  </testcase>
  <testcase classname="API" name="ReqRes_PatchUser">
    <failure message="Patch user failed - Status: 401"/>
  </testcase>
  <testcase classname="API" name="ReqRes_DeleteUser">
    <failure message="Delete user failed - Status: 401"/>
  </testcase>
  <testcase classname="API" name="ReqRes_Register_Valid">
    <failure message="Register with valid details failed - Status: 401"/>
  </testcase>
  <testcase classname="API" name="ReqRes_Register_MissingPassword">
    <failure message="Register with missing password test failed - Expected 400, got: 401"/>
  </testcase>
  <testcase classname="API" name="ReqRes_Login_Valid">
    <failure message="Login with valid credentials failed - Status: 401"/>
  </testcase>
</testsuite>
