<!DOCTYPE html>
<html>
<head>
<title>Test Execution Report</title>
<style>
body { font-family: Arial, sans-serif; margin: 20px; }
table { border-collapse: collapse; width: 100%; }
th, td { border: 1px solid #ddd; padding: 8px; text-align: left; }
th { background-color: #f2f2f2; }
.passed { background-color: #d4edda; }
.failed { background-color: #f8d7da; }
.summary { background-color: #e2e3e5; padding: 15px; margin-bottom: 20px; }
</style>
</head>
<body>
<div class='summary'>
<h2>Test Execution Summary</h2>
<p><strong>Execution ID:</strong> exec_1757497363936</p>
<p><strong>Total Tests:</strong> 20</p>
<p><strong>Passed:</strong> 11</p>
<p><strong>Failed:</strong> 9</p>
<p><strong>Pass Rate:</strong> 55.00%</p>
<p><strong>Generated:</strong> 2025-09-10 15:15:53</p>
</div>
<h2>Test Results</h2>
<table>
<tr><th>Test Case ID</th><th>Test Case Name</th><th>Type</th><th>Status</th><th>Executed At</th><th>Message</th></tr>
<tr class='passed'>
<td>6</td>
<td>BlazeDemo_HomePage_Test</td>
<td>UI</td>
<td>PASSED</td>
<td>2025-09-10T09:43:19.392665Z</td>
<td>BlazeDemo home page loaded successfully - Title: BlazeDemo</td>
</tr>
<tr class='passed'>
<td>7</td>
<td>BlazeDemo_Dropdown_Test</td>
<td>UI</td>
<td>PASSED</td>
<td>2025-09-10T09:43:19.383804Z</td>
<td>Dropdown test passed - Departure options: 7, Destination options: 7</td>
</tr>
<tr class='passed'>
<td>8</td>
<td>BlazeDemo_FlightSearch_Boston_London</td>
<td>UI</td>
<td>PASSED</td>
<td>2025-09-10T09:43:19.376456Z</td>
<td>Flight search successful from Boston to London</td>
</tr>
<tr class='failed'>
<td>9</td>
<td>BlazeDemo_FlightSearch_NewYork_Paris</td>
<td>UI</td>
<td>FAILED</td>
<td>2025-09-10T09:43:19.268446Z</td>
<td>Flight search failed: Cannot locate option with text: New York
For documentation on this error, please visit: https://www.selenium.dev/documentation/webdriver/troubleshooting/errors#no-such-element-exception
Build info: version: '4.26.0', revision: '8ccf0219d7'
System info: os.name: 'Windows 10', os.arch: 'amd64', os.version: '10.0', java.version: '24.0.2'
Driver info: driver.version: unknown</td>
</tr>
<tr class='passed'>
<td>10</td>
<td>BlazeDemo_ChooseFirstFlight</td>
<td>UI</td>
<td>PASSED</td>
<td>2025-09-10T09:43:19.327045Z</td>
<td>Flight selection successful</td>
</tr>
<tr class='passed'>
<td>11</td>
<td>BlazeDemo_PriceConsistency</td>
<td>UI</td>
<td>PASSED</td>
<td>2025-09-10T09:43:22.272395Z</td>
<td>Price consistency check completed</td>
</tr>
<tr class='failed'>
<td>12</td>
<td>BlazeDemo_CompleteBooking_Valid</td>
<td>UI</td>
<td>FAILED</td>
<td>2025-09-10T09:43:19.373438Z</td>
<td>Valid booking failed: Expected condition failed: waiting for presence of element located by: By.id: inputName (tried for 10 second(s) with 500 milliseconds interval)</td>
</tr>
<tr class='passed'>
<td>13</td>
<td>BlazeDemo_Booking_EmptyFields</td>
<td>UI</td>
<td>PASSED</td>
<td>2025-09-10T09:43:19.447559Z</td>
<td>Empty fields validation test completed</td>
</tr>
<tr class='passed'>
<td>14</td>
<td>BlazeDemo_Booking_InvalidCard</td>
<td>UI</td>
<td>PASSED</td>
<td>2025-09-10T09:43:19.379453Z</td>
<td>Invalid card test completed</td>
</tr>
<tr class='passed'>
<td>15</td>
<td>BlazeDemo_EndToEnd_Flow</td>
<td>UI</td>
<td>PASSED</td>
<td>2025-09-10T09:43:19.268446Z</td>
<td>End-to-end flow completed successfully - Thank you for your purchase today!</td>
</tr>
<tr class='passed'>
<td>26</td>
<td>ReqRes_GetUsers_Page2</td>
<td>API</td>
<td>PASSED</td>
<td>2025-09-10T09:43:46.155031Z</td>
<td>Get users page 2 successful - Status: 200</td>
</tr>
<tr class='passed'>
<td>27</td>
<td>ReqRes_GetSingleUser_Valid</td>
<td>API</td>
<td>PASSED</td>
<td>2025-09-10T09:43:46.253579Z</td>
<td>Get single user (id=2) successful - Status: 200</td>
</tr>
<tr class='passed'>
<td>28</td>
<td>ReqRes_GetSingleUser_NotFound</td>
<td>API</td>
<td>PASSED</td>
<td>2025-09-10T09:43:46.695415Z</td>
<td>Get single user (id=23) not found test successful - Status: 404</td>
</tr>
<tr class='failed'>
<td>29</td>
<td>ReqRes_CreateUser</td>
<td>API</td>
<td>FAILED</td>
<td>2025-09-10T09:43:46.941461Z</td>
<td>Create user failed - Status: 401</td>
</tr>
<tr class='failed'>
<td>30</td>
<td>ReqRes_UpdateUser_PUT</td>
<td>API</td>
<td>FAILED</td>
<td>2025-09-10T09:43:50.337217Z</td>
<td>Update user (PUT) failed - Status: 401</td>
</tr>
<tr class='failed'>
<td>31</td>
<td>ReqRes_PatchUser</td>
<td>API</td>
<td>FAILED</td>
<td>2025-09-10T09:43:50.337217Z</td>
<td>Patch user failed - Status: 401</td>
</tr>
<tr class='failed'>
<td>32</td>
<td>ReqRes_DeleteUser</td>
<td>API</td>
<td>FAILED</td>
<td>2025-09-10T09:43:50.337217Z</td>
<td>Delete user failed - Status: 401</td>
</tr>
<tr class='failed'>
<td>33</td>
<td>ReqRes_Register_Valid</td>
<td>API</td>
<td>FAILED</td>
<td>2025-09-10T09:43:50.673447Z</td>
<td>Register with valid details failed - Status: 401</td>
</tr>
<tr class='failed'>
<td>34</td>
<td>ReqRes_Register_MissingPassword</td>
<td>API</td>
<td>FAILED</td>
<td>2025-09-10T09:43:50.894719Z</td>
<td>Register with missing password test failed - Expected 400, got: 401</td>
</tr>
<tr class='failed'>
<td>35</td>
<td>ReqRes_Login_Valid</td>
<td>API</td>
<td>FAILED</td>
<td>2025-09-10T09:43:51.105496Z</td>
<td>Login with valid credentials failed - Status: 401</td>
</tr>
</table>
</body>
</html>